
> life-rpg-client@1.0.0 dev
> vite --host 127.0.0.1 --port 5173


  VITE v8.0.7  ready in 80 ms

  ➜  Local:   http://127.0.0.1:5173/
1:05:10 AM [vite] (client) hmr update /src/App.jsx
1:05:48 AM [vite] (client) hmr update /src/App.jsx
1:16:58 AM [vite] (client) hmr update /src/components/QuestItem.jsx
1:17:09 AM [vite] (client) hmr update /src/components/TokenVault.jsx
1:17:22 AM [vite] (client) hmr update /src/components/QuestBoard.jsx
1:18:02 AM [vite] (client) hmr update /src/components/TokenVault.jsx
1:18:02 AM [vite] (client) hmr update /src/components/QuestItem.jsx
1:18:02 AM [vite] (client) hmr update /src/components/QuestBoard.jsx
1:18:59 AM [vite] (client) hmr update /src/ThemeContext.jsx
1:18:59 AM [vite] (client) hmr invalidate /src/ThemeContext.jsx Could not Fast Refresh ("useTheme" export is incompatible). Learn more at https://github.com/vitejs/vite-plugin-react/tree/main/packages/plugin-react#consistent-components-exports
1:18:59 AM [vite] (client) hmr update /src/main.jsx, /src/App.jsx, /src/components/modals/FreezeSuccessModal.jsx, /src/components/modals/LogoutConfirmModal.jsx, /src/components/modals/RerollConfirmModal.jsx, /src/components/modals/OnboardingModal.jsx, /src/components/modals/NotesModal.jsx, /src/components/modals/PinnedReplacementModal.jsx, /src/components/modals/CustomHabitManager.jsx, /src/components/TokenVault.jsx, /src/components/CityIllustration.jsx, /src/components/ProfilePanel.jsx, /src/components/QuestBoard.jsx and 1 more
1:18:59 AM [vite] (client) hmr invalidate /src/main.jsx Could not Fast Refresh ("true" export is incompatible). Learn more at https://github.com/vitejs/vite-plugin-react/tree/main/packages/plugin-react#consistent-components-exports
1:18:59 AM [vite] (client) page reload src/main.jsx
1:19:58 AM [vite] (client) hmr update /src/ThemeContext.jsx
1:19:58 AM [vite] (client) hmr invalidate /src/ThemeContext.jsx Could not Fast Refresh ("useTheme" export is incompatible). Learn more at https://github.com/vitejs/vite-plugin-react/tree/main/packages/plugin-react#consistent-components-exports
1:19:58 AM [vite] (client) hmr update /src/main.jsx, /src/App.jsx, /src/components/modals/FreezeSuccessModal.jsx, /src/components/modals/LogoutConfirmModal.jsx, /src/components/modals/RerollConfirmModal.jsx, /src/components/modals/OnboardingModal.jsx, /src/components/modals/NotesModal.jsx, /src/components/modals/PinnedReplacementModal.jsx, /src/components/modals/CustomHabitManager.jsx, /src/components/TokenVault.jsx, /src/components/CityIllustration.jsx, /src/components/ProfilePanel.jsx, /src/components/QuestBoard.jsx and 1 more
1:19:58 AM [vite] (client) hmr invalidate /src/main.jsx Could not Fast Refresh ("true" export is incompatible). Learn more at https://github.com/vitejs/vite-plugin-react/tree/main/packages/plugin-react#consistent-components-exports
1:19:58 AM [vite] (client) page reload src/main.jsx
1:29:42 AM [vite] (client) hmr update /src/ThemeContext.jsx
1:29:42 AM [vite] (client) hmr invalidate /src/ThemeContext.jsx Could not Fast Refresh ("useTheme" export is incompatible). Learn more at https://github.com/vitejs/vite-plugin-react/tree/main/packages/plugin-react#consistent-components-exports
1:29:42 AM [vite] (client) hmr update /src/main.jsx, /src/App.jsx, /src/components/modals/FreezeSuccessModal.jsx, /src/components/modals/LogoutConfirmModal.jsx, /src/components/modals/RerollConfirmModal.jsx, /src/components/modals/OnboardingModal.jsx, /src/components/modals/NotesModal.jsx, /src/components/modals/PinnedReplacementModal.jsx, /src/components/modals/CustomHabitManager.jsx, /src/components/TokenVault.jsx, /src/components/CityIllustration.jsx, /src/components/ProfilePanel.jsx, /src/components/QuestBoard.jsx and 1 more
1:29:42 AM [vite] (client) hmr invalidate /src/main.jsx Could not Fast Refresh ("true" export is incompatible). Learn more at https://github.com/vitejs/vite-plugin-react/tree/main/packages/plugin-react#consistent-components-exports
1:29:42 AM [vite] (client) page reload src/main.jsx
1:32:14 AM [vite] (client) hmr update /src/components/modals/PinnedReplacementModal.jsx
1:33:20 AM [vite] (client) hmr update /src/components/modals/PinnedReplacementModal.jsx
1:38:29 AM [vite] (client) hmr update /src/components/modals/PinnedReplacementModal.jsx
1:39:00 AM [vite] (client) hmr update /src/components/modals/PinnedReplacementModal.jsx
1:41:30 AM [vite] (client) hmr update /src/App.jsx
1:41:44 AM [vite] (client) hmr update /src/App.jsx
1:43:07 AM [vite] (client) hmr update /src/App.jsx
1:45:54 AM [vite] (client) hmr update /src/components/tabs/DashboardTab.jsx
1:45:54 AM [vite] (client) hmr update /src/ThemeContext.jsx
1:46:14 AM [vite] (client) hmr update /src/components/tabs/DashboardTab.jsx
1:46:14 AM [vite] (client) hmr update /src/ThemeContext.jsx
1:49:10 AM [vite] (client) hmr update /src/components/CityIllustration.jsx
1:49:29 AM [vite] (client) hmr update /src/components/CityIllustration.jsx
1:49:41 AM [vite] (client) hmr update /src/components/CityIllustration.jsx
1:52:09 AM [vite] (client) hmr update /src/components/CityIllustration.jsx
1:52:30 AM [vite] (client) hmr update /src/components/CityIllustration.jsx
1:52:51 AM [vite] (client) hmr update /src/components/CityIllustration.jsx
9:33:12 AM [vite] (client) page reload index.html
9:33:58 AM [vite] (client) page reload index.html
9:37:38 AM [vite] (client) hmr update /src/components/modals/PinnedReplacementModal.jsx
9:37:50 AM [vite] (client) hmr update /src/styles.css
9:39:43 AM [vite] (client) hmr update /src/styles.css
9:39:43 AM [vite] (client) hmr update /src/components/modals/PinnedReplacementModal.jsx
9:46:38 AM [vite] (client) hmr update /src/styles.css
9:47:39 AM [vite] (client) hmr update /src/styles.css
9:49:48 AM [vite] (client) hmr update /src/styles.css
9:54:52 AM [vite] (client) hmr update /src/styles.css
10:01:05 AM [vite] (client) hmr update /src/styles.css
10:08:48 AM [vite] (client) hmr update /src/App.jsx
10:09:37 AM [vite] (client) hmr update /src/components/tabs/CityTab.jsx
10:09:37 AM [vite] Internal server error: Transform failed with 1 error:

[31m[PARSE_ERROR] Error:[0m Unexpected token
     [38;5;246m╭[0m[38;5;246m─[0m[38;5;246m[[0m src/components/tabs/CityTab.jsx:399:1 [38;5;246m][0m
     [38;5;246m│[0m
 [38;5;246m399 │[0m }
 [38;5;240m    │[0m ┬  
 [38;5;240m    │[0m ╰── 
[38;5;246m─────╯[0m

  Plugin: vite:oxc
  File: /Users/vertigozxc/Documents/gamification/client/src/components/tabs/CityTab.jsx
      at transformWithOxc (file:///Users/vertigozxc/Documents/gamification/client/node_modules/vite/dist/node/chunks/node.js:3745:19)
      at TransformPluginContext.transform (file:///Users/vertigozxc/Documents/gamification/client/node_modules/vite/dist/node/chunks/node.js:3813:26)
      at EnvironmentPluginContainer.transform (file:///Users/vertigozxc/Documents/gamification/client/node_modules/vite/dist/node/chunks/node.js:30143:51)
      at async loadAndTransform (file:///Users/vertigozxc/Documents/gamification/client/node_modules/vite/dist/node/chunks/node.js:24468:26)
      at async viteTransformMiddleware (file:///Users/vertigozxc/Documents/gamification/client/node_modules/vite/dist/node/chunks/node.js:24262:20)
10:09:55 AM [vite] (client) hmr update /src/App.jsx
10:10:17 AM [vite] (client) hmr update /src/ThemeContext.jsx
10:10:17 AM [vite] (client) hmr invalidate /src/ThemeContext.jsx Could not Fast Refresh ("useTheme" export is incompatible). Learn more at https://github.com/vitejs/vite-plugin-react/tree/main/packages/plugin-react#consistent-components-exports
10:10:17 AM [vite] (client) hmr update /src/main.jsx, /src/App.jsx, /src/components/modals/FreezeSuccessModal.jsx, /src/components/modals/LogoutConfirmModal.jsx, /src/components/modals/RerollConfirmModal.jsx, /src/components/modals/OnboardingModal.jsx, /src/components/modals/NotesModal.jsx, /src/components/modals/PinnedReplacementModal.jsx, /src/components/modals/CustomHabitManager.jsx, /src/components/TokenVault.jsx, /src/components/CityIllustration.jsx, /src/components/ProfilePanel.jsx, /src/components/QuestBoard.jsx and 1 more
10:10:17 AM [vite] (client) hmr invalidate /src/main.jsx Could not Fast Refresh ("true" export is incompatible). Learn more at https://github.com/vitejs/vite-plugin-react/tree/main/packages/plugin-react#consistent-components-exports
10:10:17 AM [vite] (client) page reload src/main.jsx
10:10:17 AM [vite] Internal server error: Transform failed with 1 error:

[31m[PARSE_ERROR] Error:[0m Unexpected token
     [38;5;246m╭[0m[38;5;246m─[0m[38;5;246m[[0m src/components/tabs/CityTab.jsx:399:1 [38;5;246m][0m
     [38;5;246m│[0m
 [38;5;246m399 │[0m }
 [38;5;240m    │[0m ┬  
 [38;5;240m    │[0m ╰── 
[38;5;246m─────╯[0m

  Plugin: vite:oxc
  File: /Users/vertigozxc/Documents/gamification/client/src/components/tabs/CityTab.jsx
      at transformWithOxc (file:///Users/vertigozxc/Documents/gamification/client/node_modules/vite/dist/node/chunks/node.js:3745:19)
      at TransformPluginContext.transform (file:///Users/vertigozxc/Documents/gamification/client/node_modules/vite/dist/node/chunks/node.js:3813:26)
      at EnvironmentPluginContainer.transform (file:///Users/vertigozxc/Documents/gamification/client/node_modules/vite/dist/node/chunks/node.js:30143:51)
      at async loadAndTransform (file:///Users/vertigozxc/Documents/gamification/client/node_modules/vite/dist/node/chunks/node.js:24468:26)
      at async viteTransformMiddleware (file:///Users/vertigozxc/Documents/gamification/client/node_modules/vite/dist/node/chunks/node.js:24262:20)
10:11:55 AM [vite] (client) hmr update /src/components/tabs/CityTab.jsx
10:18:23 AM [vite] (client) hmr update /src/ThemeContext.jsx
10:18:23 AM [vite] (client) hmr update /src/App.jsx
10:18:23 AM [vite] (client) hmr update /src/components/SpinWheelModal.jsx
10:18:23 AM [vite] (client) hmr update /src/App.jsx, /src/components/SpinWheelModal.jsx
10:18:23 AM [vite] (client) hmr update /src/components/tabs/CityTab.jsx
10:18:23 AM [vite] (client) hmr invalidate /src/ThemeContext.jsx Could not Fast Refresh ("useTheme" export is incompatible). Learn more at https://github.com/vitejs/vite-plugin-react/tree/main/packages/plugin-react#consistent-components-exports
10:18:23 AM [vite] (client) hmr update /src/main.jsx, /src/App.jsx, /src/components/modals/FreezeSuccessModal.jsx, /src/components/modals/LogoutConfirmModal.jsx, /src/components/modals/RerollConfirmModal.jsx, /src/components/modals/OnboardingModal.jsx, /src/components/modals/NotesModal.jsx, /src/components/modals/PinnedReplacementModal.jsx, /src/components/modals/CustomHabitManager.jsx, /src/components/TokenVault.jsx, /src/components/CityIllustration.jsx, /src/components/ProfilePanel.jsx, /src/components/QuestBoard.jsx and 1 more
10:18:23 AM [vite] (client) hmr invalidate /src/main.jsx Could not Fast Refresh ("true" export is incompatible). Learn more at https://github.com/vitejs/vite-plugin-react/tree/main/packages/plugin-react#consistent-components-exports
10:18:23 AM [vite] (client) page reload src/main.jsx
10:21:48 AM [vite] (client) hmr update /src/components/SpinWheelModal.jsx
10:22:26 AM [vite] (client) hmr update /src/ThemeContext.jsx
10:22:26 AM [vite] (client) hmr invalidate /src/ThemeContext.jsx Could not Fast Refresh ("useTheme" export is incompatible). Learn more at https://github.com/vitejs/vite-plugin-react/tree/main/packages/plugin-react#consistent-components-exports
10:22:26 AM [vite] (client) hmr update /src/main.jsx, /src/App.jsx, /src/components/modals/FreezeSuccessModal.jsx, /src/components/modals/LogoutConfirmModal.jsx, /src/components/modals/RerollConfirmModal.jsx, /src/components/modals/OnboardingModal.jsx, /src/components/modals/NotesModal.jsx, /src/components/modals/PinnedReplacementModal.jsx, /src/components/modals/CustomHabitManager.jsx, /src/components/TokenVault.jsx, /src/components/CityIllustration.jsx, /src/components/ProfilePanel.jsx, /src/components/QuestBoard.jsx and 1 more
10:22:26 AM [vite] (client) hmr invalidate /src/main.jsx Could not Fast Refresh ("true" export is incompatible). Learn more at https://github.com/vitejs/vite-plugin-react/tree/main/packages/plugin-react#consistent-components-exports
10:22:26 AM [vite] (client) page reload src/main.jsx
10:24:11 AM [vite] (client) hmr update /src/ThemeContext.jsx
10:24:11 AM [vite] (client) hmr update /src/components/SpinWheelModal.jsx
10:24:11 AM [vite] (client) hmr invalidate /src/ThemeContext.jsx Could not Fast Refresh ("useTheme" export is incompatible). Learn more at https://github.com/vitejs/vite-plugin-react/tree/main/packages/plugin-react#consistent-components-exports
10:24:11 AM [vite] (client) hmr update /src/main.jsx, /src/App.jsx, /src/components/modals/FreezeSuccessModal.jsx, /src/components/modals/LogoutConfirmModal.jsx, /src/components/modals/RerollConfirmModal.jsx, /src/components/modals/OnboardingModal.jsx, /src/components/modals/NotesModal.jsx, /src/components/modals/PinnedReplacementModal.jsx, /src/components/modals/CustomHabitManager.jsx, /src/components/TokenVault.jsx, /src/components/CityIllustration.jsx, /src/components/ProfilePanel.jsx, /src/components/QuestBoard.jsx and 1 more
10:24:11 AM [vite] (client) hmr invalidate /src/main.jsx Could not Fast Refresh ("true" export is incompatible). Learn more at https://github.com/vitejs/vite-plugin-react/tree/main/packages/plugin-react#consistent-components-exports
10:24:11 AM [vite] (client) page reload src/main.jsx
10:33:20 AM [vite] (client) hmr update /src/App.jsx, /src/components/SpinWheelModal.jsx
10:33:35 AM [vite] (client) hmr update /src/components/SpinWheelModal.jsx
10:33:55 AM [vite] (client) hmr update /src/ThemeContext.jsx
10:33:55 AM [vite] (client) hmr invalidate /src/ThemeContext.jsx Could not Fast Refresh ("useTheme" export is incompatible). Learn more at https://github.com/vitejs/vite-plugin-react/tree/main/packages/plugin-react#consistent-components-exports
10:33:55 AM [vite] (client) hmr update /src/main.jsx, /src/App.jsx, /src/components/modals/FreezeSuccessModal.jsx, /src/components/modals/LogoutConfirmModal.jsx, /src/components/modals/RerollConfirmModal.jsx, /src/components/modals/OnboardingModal.jsx, /src/components/modals/NotesModal.jsx, /src/components/modals/PinnedReplacementModal.jsx, /src/components/modals/CustomHabitManager.jsx, /src/components/TokenVault.jsx, /src/components/CityIllustration.jsx, /src/components/ProfilePanel.jsx, /src/components/QuestBoard.jsx and 1 more
10:33:55 AM [vite] (client) hmr invalidate /src/main.jsx Could not Fast Refresh ("true" export is incompatible). Learn more at https://github.com/vitejs/vite-plugin-react/tree/main/packages/plugin-react#consistent-components-exports
10:33:55 AM [vite] (client) page reload src/main.jsx
10:37:37 AM [vite] (client) hmr update /src/components/TokenVault.jsx
10:39:19 AM [vite] (client) hmr update /src/components/TokenVault.jsx
10:39:19 AM [vite] (client) hmr update /src/ThemeContext.jsx
10:39:19 AM [vite] (client) hmr update /src/components/SpinWheelModal.jsx
10:39:19 AM [vite] (client) hmr update /src/App.jsx, /src/components/SpinWheelModal.jsx
10:42:03 AM [vite] (client) hmr update /src/App.jsx
10:43:32 AM [vite] (client) hmr update /src/App.jsx
10:46:46 AM [vite] (client) hmr update /src/components/SpinWheelModal.jsx
10:46:57 AM [vite] (client) hmr update /src/components/tabs/CityTab.jsx
10:47:07 AM [vite] (client) hmr update /src/App.jsx
10:48:24 AM [vite] (client) hmr update /src/components/tabs/CityTab.jsx
10:48:24 AM [vite] (client) hmr update /src/App.jsx
10:48:24 AM [vite] (client) hmr update /src/components/SpinWheelModal.jsx
11:00:24 AM [vite] (client) hmr update /src/components/tabs/CityTab.jsx
11:00:27 AM [vite] (client) hmr update /src/components/tabs/CityTab.jsx
11:05:51 AM [vite] (client) hmr update /src/ThemeContext.jsx, /src/components/ThemePickerModal.jsx, /src/components/AppHeader.jsx, /src/components/tabs/ProfileTab.jsx
11:05:51 AM [vite] (client) hmr invalidate /src/ThemeContext.jsx Could not Fast Refresh ("useTheme" export is incompatible). Learn more at https://github.com/vitejs/vite-plugin-react/tree/main/packages/plugin-react#consistent-components-exports
11:05:51 AM [vite] (client) hmr update /src/main.jsx, /src/App.jsx, /src/components/modals/FreezeSuccessModal.jsx, /src/components/modals/LogoutConfirmModal.jsx, /src/components/modals/RerollConfirmModal.jsx, /src/components/modals/OnboardingModal.jsx, /src/components/modals/NotesModal.jsx, /src/components/modals/PinnedReplacementModal.jsx, /src/components/modals/CustomHabitManager.jsx, /src/components/TokenVault.jsx, /src/components/CityIllustration.jsx, /src/components/ProfilePanel.jsx, /src/components/QuestBoard.jsx and 1 more
11:05:51 AM [vite] (client) hmr invalidate /src/main.jsx Could not Fast Refresh ("true" export is incompatible). Learn more at https://github.com/vitejs/vite-plugin-react/tree/main/packages/plugin-react#consistent-components-exports
11:05:51 AM [vite] (client) page reload src/main.jsx
11:09:38 AM [vite] (client) hmr update /src/ThemeContext.jsx, /src/components/ThemePickerModal.jsx, /src/components/AppHeader.jsx, /src/components/tabs/ProfileTab.jsx
11:09:38 AM [vite] (client) hmr invalidate /src/ThemeContext.jsx Could not Fast Refresh ("useTheme" export is incompatible). Learn more at https://github.com/vitejs/vite-plugin-react/tree/main/packages/plugin-react#consistent-components-exports
11:09:38 AM [vite] (client) hmr update /src/main.jsx, /src/App.jsx, /src/components/modals/FreezeSuccessModal.jsx, /src/components/modals/LogoutConfirmModal.jsx, /src/components/modals/RerollConfirmModal.jsx, /src/components/modals/OnboardingModal.jsx, /src/components/modals/NotesModal.jsx, /src/components/modals/PinnedReplacementModal.jsx, /src/components/modals/CustomHabitManager.jsx, /src/components/TokenVault.jsx, /src/components/CityIllustration.jsx, /src/components/ProfilePanel.jsx, /src/components/QuestBoard.jsx and 1 more
11:09:38 AM [vite] (client) hmr invalidate /src/main.jsx Could not Fast Refresh ("true" export is incompatible). Learn more at https://github.com/vitejs/vite-plugin-react/tree/main/packages/plugin-react#consistent-components-exports
11:09:38 AM [vite] (client) page reload src/main.jsx
11:12:50 AM [vite] (client) hmr update /src/ThemeContext.jsx
11:12:50 AM [vite] (client) hmr invalidate /src/ThemeContext.jsx Could not Fast Refresh ("useTheme" export is incompatible). Learn more at https://github.com/vitejs/vite-plugin-react/tree/main/packages/plugin-react#consistent-components-exports
11:12:50 AM [vite] (client) hmr update /src/main.jsx, /src/App.jsx, /src/components/modals/FreezeSuccessModal.jsx, /src/components/modals/LogoutConfirmModal.jsx, /src/components/modals/RerollConfirmModal.jsx, /src/components/modals/OnboardingModal.jsx, /src/components/modals/NotesModal.jsx, /src/components/modals/PinnedReplacementModal.jsx, /src/components/modals/CustomHabitManager.jsx, /src/components/TokenVault.jsx, /src/components/CityIllustration.jsx, /src/components/ProfilePanel.jsx, /src/components/QuestBoard.jsx and 1 more
11:12:50 AM [vite] (client) hmr invalidate /src/main.jsx Could not Fast Refresh ("true" export is incompatible). Learn more at https://github.com/vitejs/vite-plugin-react/tree/main/packages/plugin-react#consistent-components-exports
11:12:50 AM [vite] (client) page reload src/main.jsx
11:15:06 AM [vite] (client) hmr update /src/components/modals/OnboardingModal.jsx
11:15:57 AM [vite] (client) hmr update /src/components/modals/OnboardingModal.jsx
11:25:53 AM [vite] (client) hmr update /src/ThemeContext.jsx
11:25:53 AM [vite] (client) hmr invalidate /src/ThemeContext.jsx Could not Fast Refresh ("useTheme" export is incompatible). Learn more at https://github.com/vitejs/vite-plugin-react/tree/main/packages/plugin-react#consistent-components-exports
11:25:53 AM [vite] (client) hmr update /src/main.jsx, /src/App.jsx, /src/components/modals/FreezeSuccessModal.jsx, /src/components/modals/LogoutConfirmModal.jsx, /src/components/modals/RerollConfirmModal.jsx, /src/components/modals/OnboardingModal.jsx, /src/components/modals/NotesModal.jsx, /src/components/modals/PinnedReplacementModal.jsx, /src/components/modals/CustomHabitManager.jsx, /src/components/TokenVault.jsx, /src/components/CityIllustration.jsx, /src/components/ProfilePanel.jsx, /src/components/QuestBoard.jsx and 1 more
11:25:53 AM [vite] (client) hmr invalidate /src/main.jsx Could not Fast Refresh ("true" export is incompatible). Learn more at https://github.com/vitejs/vite-plugin-react/tree/main/packages/plugin-react#consistent-components-exports
11:25:53 AM [vite] (client) page reload src/main.jsx
11:32:29 AM [vite] (client) hmr update /src/App.jsx
11:32:38 AM [vite] (client) hmr update /src/ThemeContext.jsx
11:32:48 AM [vite] (client) hmr update /src/ThemeContext.jsx, /src/components/ThemePickerModal.jsx, /src/components/AppHeader.jsx, /src/components/tabs/ProfileTab.jsx
11:33:15 AM [vite] (client) hmr update /src/ThemeContext.jsx, /src/components/ThemePickerModal.jsx, /src/components/AppHeader.jsx, /src/components/tabs/ProfileTab.jsx
11:33:15 AM [vite] (client) hmr update /src/ThemeContext.jsx
11:33:15 AM [vite] (client) hmr update /src/App.jsx
